{"/Users/alacret/workspace/react-flux-dash/src/v2/Event.js": {"path":"/Users/alacret/workspace/react-flux-dash/src/v2/Event.js","statementMap":{"0":{"start":{"line":14,"column":8},"end":{"line":14,"column":42}},"1":{"start":{"line":15,"column":8},"end":{"line":15,"column":45}},"2":{"start":{"line":16,"column":8},"end":{"line":16,"column":40}},"3":{"start":{"line":17,"column":8},"end":{"line":17,"column":26}},"4":{"start":{"line":18,"column":8},"end":{"line":18,"column":37}},"5":{"start":{"line":20,"column":8},"end":{"line":21,"column":19}},"6":{"start":{"line":21,"column":12},"end":{"line":21,"column":19}},"7":{"start":{"line":23,"column":8},"end":{"line":24,"column":61}},"8":{"start":{"line":24,"column":12},"end":{"line":24,"column":61}},"9":{"start":{"line":26,"column":8},"end":{"line":27,"column":69}},"10":{"start":{"line":27,"column":12},"end":{"line":27,"column":69}},"11":{"start":{"line":29,"column":8},"end":{"line":40,"column":11}},"12":{"start":{"line":30,"column":12},"end":{"line":31,"column":74}},"13":{"start":{"line":31,"column":16},"end":{"line":31,"column":74}},"14":{"start":{"line":33,"column":31},"end":{"line":33,"column":46}},"15":{"start":{"line":35,"column":12},"end":{"line":36,"column":127}},"16":{"start":{"line":36,"column":16},"end":{"line":36,"column":127}},"17":{"start":{"line":38,"column":12},"end":{"line":39,"column":122}},"18":{"start":{"line":39,"column":16},"end":{"line":39,"column":122}},"19":{"start":{"line":42,"column":8},"end":{"line":42,"column":41}},"20":{"start":{"line":52,"column":8},"end":{"line":52,"column":40}},"21":{"start":{"line":53,"column":8},"end":{"line":54,"column":61}},"22":{"start":{"line":54,"column":12},"end":{"line":54,"column":61}},"23":{"start":{"line":55,"column":29},"end":{"line":55,"column":63}},"24":{"start":{"line":56,"column":8},"end":{"line":56,"column":28}},"25":{"start":{"line":64,"column":8},"end":{"line":64,"column":37}},"26":{"start":{"line":65,"column":8},"end":{"line":67,"column":9}},"27":{"start":{"line":66,"column":12},"end":{"line":66,"column":86}},"28":{"start":{"line":69,"column":19},"end":{"line":69,"column":28}},"29":{"start":{"line":70,"column":8},"end":{"line":72,"column":11}},"30":{"start":{"line":71,"column":12},"end":{"line":71,"column":37}},"31":{"start":{"line":73,"column":8},"end":{"line":73,"column":26}},"32":{"start":{"line":74,"column":8},"end":{"line":74,"column":38}}},"fnMap":{"0":{"name":"(anonymous_0)","decl":{"start":{"line":13,"column":4},"end":{"line":13,"column":5}},"loc":{"start":{"line":13,"column":36},"end":{"line":43,"column":5}},"line":13},"1":{"name":"(anonymous_1)","decl":{"start":{"line":29,"column":29},"end":{"line":29,"column":30}},"loc":{"start":{"line":29,"column":44},"end":{"line":40,"column":9}},"line":29},"2":{"name":"(anonymous_2)","decl":{"start":{"line":51,"column":4},"end":{"line":51,"column":5}},"loc":{"start":{"line":51,"column":26},"end":{"line":57,"column":5}},"line":51},"3":{"name":"(anonymous_3)","decl":{"start":{"line":63,"column":4},"end":{"line":63,"column":5}},"loc":{"start":{"line":63,"column":22},"end":{"line":75,"column":5}},"line":63},"4":{"name":"(anonymous_4)","decl":{"start":{"line":70,"column":34},"end":{"line":70,"column":35}},"loc":{"start":{"line":70,"column":49},"end":{"line":72,"column":9}},"line":70}},"branchMap":{"0":{"loc":{"start":{"line":20,"column":8},"end":{"line":21,"column":19}},"type":"if","locations":[{"start":{"line":20,"column":8},"end":{"line":21,"column":19}},{"start":{"line":20,"column":8},"end":{"line":21,"column":19}}],"line":20},"1":{"loc":{"start":{"line":23,"column":8},"end":{"line":24,"column":61}},"type":"if","locations":[{"start":{"line":23,"column":8},"end":{"line":24,"column":61}},{"start":{"line":23,"column":8},"end":{"line":24,"column":61}}],"line":23},"2":{"loc":{"start":{"line":26,"column":8},"end":{"line":27,"column":69}},"type":"if","locations":[{"start":{"line":26,"column":8},"end":{"line":27,"column":69}},{"start":{"line":26,"column":8},"end":{"line":27,"column":69}}],"line":26},"3":{"loc":{"start":{"line":30,"column":12},"end":{"line":31,"column":74}},"type":"if","locations":[{"start":{"line":30,"column":12},"end":{"line":31,"column":74}},{"start":{"line":30,"column":12},"end":{"line":31,"column":74}}],"line":30},"4":{"loc":{"start":{"line":35,"column":12},"end":{"line":36,"column":127}},"type":"if","locations":[{"start":{"line":35,"column":12},"end":{"line":36,"column":127}},{"start":{"line":35,"column":12},"end":{"line":36,"column":127}}],"line":35},"5":{"loc":{"start":{"line":38,"column":12},"end":{"line":39,"column":122}},"type":"if","locations":[{"start":{"line":38,"column":12},"end":{"line":39,"column":122}},{"start":{"line":38,"column":12},"end":{"line":39,"column":122}}],"line":38},"6":{"loc":{"start":{"line":53,"column":8},"end":{"line":54,"column":61}},"type":"if","locations":[{"start":{"line":53,"column":8},"end":{"line":54,"column":61}},{"start":{"line":53,"column":8},"end":{"line":54,"column":61}}],"line":53},"7":{"loc":{"start":{"line":65,"column":8},"end":{"line":67,"column":9}},"type":"if","locations":[{"start":{"line":65,"column":8},"end":{"line":67,"column":9}},{"start":{"line":65,"column":8},"end":{"line":67,"column":9}}],"line":65}},"s":{"0":22,"1":22,"2":19,"3":19,"4":19,"5":19,"6":2,"7":17,"8":4,"9":13,"10":1,"11":12,"12":12,"13":3,"14":9,"15":9,"16":2,"17":7,"18":1,"19":6,"20":8,"21":8,"22":3,"23":5,"24":5,"25":6,"26":6,"27":1,"28":6,"29":6,"30":5,"31":6,"32":6},"f":{"0":22,"1":12,"2":8,"3":6,"4":5},"b":{"0":[2,17],"1":[4,13],"2":[1,12],"3":[3,9],"4":[2,7],"5":[1,6],"6":[3,5],"7":[1,5]},"_coverageSchema":"332fd63041d2c1bcb487cc26dd0d5f7d97098a6c","hash":"17853031feb0d577a405f63c290e7c614d722f20"}
,"/Users/alacret/workspace/react-flux-dash/src/v2/Store.js": {"path":"/Users/alacret/workspace/react-flux-dash/src/v2/Store.js","statementMap":{"0":{"start":{"line":7,"column":8},"end":{"line":7,"column":42}},"1":{"start":{"line":8,"column":8},"end":{"line":8,"column":25}},"2":{"start":{"line":18,"column":8},"end":{"line":18,"column":39}},"3":{"start":{"line":19,"column":34},"end":{"line":19,"column":63}},"4":{"start":{"line":22,"column":8},"end":{"line":26,"column":11}},"5":{"start":{"line":23,"column":12},"end":{"line":25,"column":13}},"6":{"start":{"line":24,"column":16},"end":{"line":24,"column":107}},"7":{"start":{"line":28,"column":8},"end":{"line":31,"column":37}},"8":{"start":{"line":29,"column":12},"end":{"line":29,"column":51}},"9":{"start":{"line":31,"column":12},"end":{"line":31,"column":37}},"10":{"start":{"line":32,"column":8},"end":{"line":32,"column":28}},"11":{"start":{"line":33,"column":8},"end":{"line":33,"column":26}},"12":{"start":{"line":46,"column":8},"end":{"line":46,"column":40}},"13":{"start":{"line":47,"column":35},"end":{"line":47,"column":64}},"14":{"start":{"line":49,"column":8},"end":{"line":50,"column":61}},"15":{"start":{"line":50,"column":12},"end":{"line":50,"column":61}},"16":{"start":{"line":52,"column":8},"end":{"line":60,"column":9}},"17":{"start":{"line":53,"column":26},"end":{"line":53,"column":40}},"18":{"start":{"line":54,"column":12},"end":{"line":59,"column":13}},"19":{"start":{"line":55,"column":37},"end":{"line":55,"column":64}},"20":{"start":{"line":56,"column":16},"end":{"line":57,"column":44}},"21":{"start":{"line":57,"column":20},"end":{"line":57,"column":44}},"22":{"start":{"line":58,"column":16},"end":{"line":58,"column":36}},"23":{"start":{"line":61,"column":8},"end":{"line":61,"column":82}},"24":{"start":{"line":69,"column":8},"end":{"line":69,"column":39}},"25":{"start":{"line":70,"column":8},"end":{"line":71,"column":51}},"26":{"start":{"line":71,"column":12},"end":{"line":71,"column":51}},"27":{"start":{"line":73,"column":20},"end":{"line":73,"column":22}},"28":{"start":{"line":74,"column":8},"end":{"line":78,"column":11}},"29":{"start":{"line":75,"column":31},"end":{"line":75,"column":42}},"30":{"start":{"line":76,"column":30},"end":{"line":76,"column":40}},"31":{"start":{"line":77,"column":12},"end":{"line":77,"column":67}},"32":{"start":{"line":79,"column":8},"end":{"line":79,"column":21}},"33":{"start":{"line":87,"column":8},"end":{"line":87,"column":46}},"34":{"start":{"line":88,"column":8},"end":{"line":90,"column":44}},"35":{"start":{"line":89,"column":12},"end":{"line":90,"column":44}},"36":{"start":{"line":90,"column":16},"end":{"line":90,"column":44}},"37":{"start":{"line":91,"column":8},"end":{"line":91,"column":73}},"38":{"start":{"line":98,"column":8},"end":{"line":98,"column":41}},"39":{"start":{"line":99,"column":8},"end":{"line":99,"column":57}},"40":{"start":{"line":99,"column":37},"end":{"line":99,"column":55}}},"fnMap":{"0":{"name":"(anonymous_0)","decl":{"start":{"line":6,"column":4},"end":{"line":6,"column":5}},"loc":{"start":{"line":6,"column":18},"end":{"line":9,"column":5}},"line":6},"1":{"name":"(anonymous_1)","decl":{"start":{"line":17,"column":4},"end":{"line":17,"column":5}},"loc":{"start":{"line":17,"column":41},"end":{"line":34,"column":5}},"line":17},"2":{"name":"(anonymous_2)","decl":{"start":{"line":22,"column":28},"end":{"line":22,"column":29}},"loc":{"start":{"line":22,"column":37},"end":{"line":26,"column":9}},"line":22},"3":{"name":"(anonymous_3)","decl":{"start":{"line":45,"column":4},"end":{"line":45,"column":5}},"loc":{"start":{"line":45,"column":63},"end":{"line":62,"column":5}},"line":45},"4":{"name":"(anonymous_4)","decl":{"start":{"line":68,"column":4},"end":{"line":68,"column":5}},"loc":{"start":{"line":68,"column":24},"end":{"line":80,"column":5}},"line":68},"5":{"name":"(anonymous_5)","decl":{"start":{"line":74,"column":28},"end":{"line":74,"column":29}},"loc":{"start":{"line":74,"column":37},"end":{"line":78,"column":9}},"line":74},"6":{"name":"(anonymous_6)","decl":{"start":{"line":86,"column":4},"end":{"line":86,"column":5}},"loc":{"start":{"line":86,"column":31},"end":{"line":92,"column":5}},"line":86},"7":{"name":"(anonymous_7)","decl":{"start":{"line":97,"column":4},"end":{"line":97,"column":5}},"loc":{"start":{"line":97,"column":17},"end":{"line":100,"column":5}},"line":97},"8":{"name":"(anonymous_8)","decl":{"start":{"line":99,"column":28},"end":{"line":99,"column":29}},"loc":{"start":{"line":99,"column":37},"end":{"line":99,"column":55}},"line":99}},"branchMap":{"0":{"loc":{"start":{"line":23,"column":12},"end":{"line":25,"column":13}},"type":"if","locations":[{"start":{"line":23,"column":12},"end":{"line":25,"column":13}},{"start":{"line":23,"column":12},"end":{"line":25,"column":13}}],"line":23},"1":{"loc":{"start":{"line":28,"column":8},"end":{"line":31,"column":37}},"type":"if","locations":[{"start":{"line":28,"column":8},"end":{"line":31,"column":37}},{"start":{"line":28,"column":8},"end":{"line":31,"column":37}}],"line":28},"2":{"loc":{"start":{"line":45,"column":37},"end":{"line":45,"column":61}},"type":"default-arg","locations":[{"start":{"line":45,"column":56},"end":{"line":45,"column":61}}],"line":45},"3":{"loc":{"start":{"line":49,"column":8},"end":{"line":50,"column":61}},"type":"if","locations":[{"start":{"line":49,"column":8},"end":{"line":50,"column":61}},{"start":{"line":49,"column":8},"end":{"line":50,"column":61}}],"line":49},"4":{"loc":{"start":{"line":54,"column":12},"end":{"line":59,"column":13}},"type":"if","locations":[{"start":{"line":54,"column":12},"end":{"line":59,"column":13}},{"start":{"line":54,"column":12},"end":{"line":59,"column":13}}],"line":54},"5":{"loc":{"start":{"line":56,"column":16},"end":{"line":57,"column":44}},"type":"if","locations":[{"start":{"line":56,"column":16},"end":{"line":57,"column":44}},{"start":{"line":56,"column":16},"end":{"line":57,"column":44}}],"line":56},"6":{"loc":{"start":{"line":70,"column":8},"end":{"line":71,"column":51}},"type":"if","locations":[{"start":{"line":70,"column":8},"end":{"line":71,"column":51}},{"start":{"line":70,"column":8},"end":{"line":71,"column":51}}],"line":70},"7":{"loc":{"start":{"line":70,"column":14},"end":{"line":70,"column":59}},"type":"binary-expr","locations":[{"start":{"line":70,"column":14},"end":{"line":70,"column":37}},{"start":{"line":70,"column":41},"end":{"line":70,"column":59}}],"line":70},"8":{"loc":{"start":{"line":89,"column":12},"end":{"line":90,"column":44}},"type":"if","locations":[{"start":{"line":89,"column":12},"end":{"line":90,"column":44}},{"start":{"line":89,"column":12},"end":{"line":90,"column":44}}],"line":89}},"s":{"0":1,"1":1,"2":3,"3":3,"4":3,"5":2,"6":1,"7":2,"8":1,"9":1,"10":2,"11":2,"12":7,"13":7,"14":7,"15":3,"16":4,"17":5,"18":5,"19":3,"20":3,"21":1,"22":3,"23":1,"24":4,"25":4,"26":3,"27":1,"28":1,"29":2,"30":2,"31":2,"32":1,"33":3,"34":3,"35":4,"36":2,"37":1,"38":1,"39":1,"40":2},"f":{"0":1,"1":3,"2":2,"3":7,"4":4,"5":2,"6":3,"7":1,"8":2},"b":{"0":[1,1],"1":[1,1],"2":[5],"3":[3,4],"4":[3,2],"5":[1,2],"6":[3,1],"7":[4,3],"8":[2,2]},"_coverageSchema":"332fd63041d2c1bcb487cc26dd0d5f7d97098a6c","hash":"ed63cd98ef0e904033f5f74e0ba5065258a0a3e4"}
,"/Users/alacret/workspace/react-flux-dash/src/v2/Util.js": {"path":"/Users/alacret/workspace/react-flux-dash/src/v2/Util.js","statementMap":{"0":{"start":{"line":9,"column":4},"end":{"line":10,"column":51}},"1":{"start":{"line":10,"column":8},"end":{"line":10,"column":51}},"2":{"start":{"line":11,"column":4},"end":{"line":12,"column":46}},"3":{"start":{"line":12,"column":8},"end":{"line":12,"column":46}},"4":{"start":{"line":13,"column":4},"end":{"line":14,"column":57}},"5":{"start":{"line":14,"column":8},"end":{"line":14,"column":57}},"6":{"start":{"line":16,"column":4},"end":{"line":16,"column":16}},"7":{"start":{"line":22,"column":8},"end":{"line":23,"column":19}},"8":{"start":{"line":23,"column":12},"end":{"line":23,"column":19}},"9":{"start":{"line":24,"column":8},"end":{"line":27,"column":28}},"10":{"start":{"line":25,"column":12},"end":{"line":25,"column":34}},"11":{"start":{"line":27,"column":12},"end":{"line":27,"column":28}}},"fnMap":{"0":{"name":"validateText","decl":{"start":{"line":8,"column":9},"end":{"line":8,"column":21}},"loc":{"start":{"line":8,"column":28},"end":{"line":17,"column":1}},"line":8},"1":{"name":"(anonymous_1)","decl":{"start":{"line":21,"column":9},"end":{"line":21,"column":10}},"loc":{"start":{"line":21,"column":23},"end":{"line":28,"column":5}},"line":21}},"branchMap":{"0":{"loc":{"start":{"line":9,"column":4},"end":{"line":10,"column":51}},"type":"if","locations":[{"start":{"line":9,"column":4},"end":{"line":10,"column":51}},{"start":{"line":9,"column":4},"end":{"line":10,"column":51}}],"line":9},"1":{"loc":{"start":{"line":11,"column":4},"end":{"line":12,"column":46}},"type":"if","locations":[{"start":{"line":11,"column":4},"end":{"line":12,"column":46}},{"start":{"line":11,"column":4},"end":{"line":12,"column":46}}],"line":11},"2":{"loc":{"start":{"line":13,"column":4},"end":{"line":14,"column":57}},"type":"if","locations":[{"start":{"line":13,"column":4},"end":{"line":14,"column":57}},{"start":{"line":13,"column":4},"end":{"line":14,"column":57}}],"line":13},"3":{"loc":{"start":{"line":22,"column":8},"end":{"line":23,"column":19}},"type":"if","locations":[{"start":{"line":22,"column":8},"end":{"line":23,"column":19}},{"start":{"line":22,"column":8},"end":{"line":23,"column":19}}],"line":22},"4":{"loc":{"start":{"line":24,"column":8},"end":{"line":27,"column":28}},"type":"if","locations":[{"start":{"line":24,"column":8},"end":{"line":27,"column":28}},{"start":{"line":24,"column":8},"end":{"line":27,"column":28}}],"line":24}},"s":{"0":39,"1":2,"2":37,"3":2,"4":35,"5":2,"6":33,"7":69,"8":69,"9":0,"10":0,"11":0},"f":{"0":39,"1":69},"b":{"0":[2,37],"1":[2,35],"2":[2,33],"3":[69,0],"4":[0,0]},"_coverageSchema":"332fd63041d2c1bcb487cc26dd0d5f7d97098a6c","hash":"2decc17d242265fa64254c1c5a11d7c57c1feaf1"}
,"/Users/alacret/workspace/react-flux-dash/src/v2/index.js": {"path":"/Users/alacret/workspace/react-flux-dash/src/v2/index.js","statementMap":{"0":{"start":{"line":4,"column":19},"end":{"line":4,"column":35}},"1":{"start":{"line":6,"column":23},"end":{"line":18,"column":1}},"2":{"start":{"line":7,"column":4},"end":{"line":7,"column":41}},"3":{"start":{"line":8,"column":35},"end":{"line":8,"column":40}},"4":{"start":{"line":9,"column":4},"end":{"line":14,"column":7}},"5":{"start":{"line":10,"column":8},"end":{"line":13,"column":9}},"6":{"start":{"line":11,"column":12},"end":{"line":11,"column":36}},"7":{"start":{"line":12,"column":12},"end":{"line":12,"column":44}},"8":{"start":{"line":16,"column":4},"end":{"line":17,"column":71}},"9":{"start":{"line":17,"column":8},"end":{"line":17,"column":71}},"10":{"start":{"line":20,"column":0},"end":{"line":20,"column":36}},"11":{"start":{"line":27,"column":22},"end":{"line":31,"column":1}},"12":{"start":{"line":28,"column":4},"end":{"line":28,"column":40}},"13":{"start":{"line":29,"column":30},"end":{"line":29,"column":59}},"14":{"start":{"line":30,"column":4},"end":{"line":30,"column":48}},"15":{"start":{"line":33,"column":18},"end":{"line":33,"column":29}}},"fnMap":{"0":{"name":"(anonymous_0)","decl":{"start":{"line":6,"column":23},"end":{"line":6,"column":24}},"loc":{"start":{"line":6,"column":51},"end":{"line":18,"column":1}},"line":6},"1":{"name":"(anonymous_1)","decl":{"start":{"line":9,"column":22},"end":{"line":9,"column":23}},"loc":{"start":{"line":9,"column":31},"end":{"line":14,"column":5}},"line":9},"2":{"name":"(anonymous_2)","decl":{"start":{"line":27,"column":22},"end":{"line":27,"column":23}},"loc":{"start":{"line":27,"column":48},"end":{"line":31,"column":1}},"line":27}},"branchMap":{"0":{"loc":{"start":{"line":10,"column":8},"end":{"line":13,"column":9}},"type":"if","locations":[{"start":{"line":10,"column":8},"end":{"line":13,"column":9}},{"start":{"line":10,"column":8},"end":{"line":13,"column":9}}],"line":10},"1":{"loc":{"start":{"line":16,"column":4},"end":{"line":17,"column":71}},"type":"if","locations":[{"start":{"line":16,"column":4},"end":{"line":17,"column":71}},{"start":{"line":16,"column":4},"end":{"line":17,"column":71}}],"line":16}},"s":{"0":1,"1":1,"2":4,"3":4,"4":4,"5":8,"6":3,"7":3,"8":4,"9":1,"10":1,"11":1,"12":7,"13":7,"14":4,"15":1},"f":{"0":4,"1":8,"2":7},"b":{"0":[3,5],"1":[1,3]},"_coverageSchema":"332fd63041d2c1bcb487cc26dd0d5f7d97098a6c","hash":"d511466bcdf634730a46f679a334c516d324e0b7"}
}
