{"/Users/alacret/workspace/react-flux-dash/src/v2/Event.js": {"path":"/Users/alacret/workspace/react-flux-dash/src/v2/Event.js","statementMap":{"0":{"start":{"line":14,"column":8},"end":{"line":14,"column":39}},"1":{"start":{"line":15,"column":8},"end":{"line":15,"column":40}},"2":{"start":{"line":16,"column":8},"end":{"line":16,"column":26}},"3":{"start":{"line":17,"column":8},"end":{"line":17,"column":37}},"4":{"start":{"line":19,"column":8},"end":{"line":20,"column":19}},"5":{"start":{"line":20,"column":12},"end":{"line":20,"column":19}},"6":{"start":{"line":22,"column":8},"end":{"line":23,"column":61}},"7":{"start":{"line":23,"column":12},"end":{"line":23,"column":61}},"8":{"start":{"line":25,"column":8},"end":{"line":26,"column":69}},"9":{"start":{"line":26,"column":12},"end":{"line":26,"column":69}},"10":{"start":{"line":28,"column":8},"end":{"line":39,"column":11}},"11":{"start":{"line":29,"column":12},"end":{"line":30,"column":74}},"12":{"start":{"line":30,"column":16},"end":{"line":30,"column":74}},"13":{"start":{"line":32,"column":31},"end":{"line":32,"column":46}},"14":{"start":{"line":34,"column":12},"end":{"line":35,"column":127}},"15":{"start":{"line":35,"column":16},"end":{"line":35,"column":127}},"16":{"start":{"line":37,"column":12},"end":{"line":38,"column":122}},"17":{"start":{"line":38,"column":16},"end":{"line":38,"column":122}},"18":{"start":{"line":41,"column":8},"end":{"line":41,"column":41}},"19":{"start":{"line":51,"column":8},"end":{"line":52,"column":61}},"20":{"start":{"line":52,"column":12},"end":{"line":52,"column":61}},"21":{"start":{"line":53,"column":29},"end":{"line":53,"column":63}},"22":{"start":{"line":54,"column":8},"end":{"line":54,"column":28}},"23":{"start":{"line":62,"column":8},"end":{"line":64,"column":9}},"24":{"start":{"line":63,"column":12},"end":{"line":63,"column":86}},"25":{"start":{"line":66,"column":19},"end":{"line":66,"column":28}},"26":{"start":{"line":67,"column":8},"end":{"line":69,"column":11}},"27":{"start":{"line":68,"column":12},"end":{"line":68,"column":37}},"28":{"start":{"line":70,"column":8},"end":{"line":70,"column":26}},"29":{"start":{"line":71,"column":35},"end":{"line":71,"column":40}},"30":{"start":{"line":72,"column":8},"end":{"line":72,"column":38}}},"fnMap":{"0":{"name":"(anonymous_0)","decl":{"start":{"line":13,"column":4},"end":{"line":13,"column":5}},"loc":{"start":{"line":13,"column":36},"end":{"line":42,"column":5}},"line":13},"1":{"name":"(anonymous_1)","decl":{"start":{"line":28,"column":29},"end":{"line":28,"column":30}},"loc":{"start":{"line":28,"column":44},"end":{"line":39,"column":9}},"line":28},"2":{"name":"(anonymous_2)","decl":{"start":{"line":50,"column":4},"end":{"line":50,"column":5}},"loc":{"start":{"line":50,"column":26},"end":{"line":55,"column":5}},"line":50},"3":{"name":"(anonymous_3)","decl":{"start":{"line":61,"column":4},"end":{"line":61,"column":5}},"loc":{"start":{"line":61,"column":22},"end":{"line":74,"column":5}},"line":61},"4":{"name":"(anonymous_4)","decl":{"start":{"line":67,"column":34},"end":{"line":67,"column":35}},"loc":{"start":{"line":67,"column":49},"end":{"line":69,"column":9}},"line":67}},"branchMap":{"0":{"loc":{"start":{"line":19,"column":8},"end":{"line":20,"column":19}},"type":"if","locations":[{"start":{"line":19,"column":8},"end":{"line":20,"column":19}},{"start":{"line":19,"column":8},"end":{"line":20,"column":19}}],"line":19},"1":{"loc":{"start":{"line":22,"column":8},"end":{"line":23,"column":61}},"type":"if","locations":[{"start":{"line":22,"column":8},"end":{"line":23,"column":61}},{"start":{"line":22,"column":8},"end":{"line":23,"column":61}}],"line":22},"2":{"loc":{"start":{"line":25,"column":8},"end":{"line":26,"column":69}},"type":"if","locations":[{"start":{"line":25,"column":8},"end":{"line":26,"column":69}},{"start":{"line":25,"column":8},"end":{"line":26,"column":69}}],"line":25},"3":{"loc":{"start":{"line":29,"column":12},"end":{"line":30,"column":74}},"type":"if","locations":[{"start":{"line":29,"column":12},"end":{"line":30,"column":74}},{"start":{"line":29,"column":12},"end":{"line":30,"column":74}}],"line":29},"4":{"loc":{"start":{"line":34,"column":12},"end":{"line":35,"column":127}},"type":"if","locations":[{"start":{"line":34,"column":12},"end":{"line":35,"column":127}},{"start":{"line":34,"column":12},"end":{"line":35,"column":127}}],"line":34},"5":{"loc":{"start":{"line":37,"column":12},"end":{"line":38,"column":122}},"type":"if","locations":[{"start":{"line":37,"column":12},"end":{"line":38,"column":122}},{"start":{"line":37,"column":12},"end":{"line":38,"column":122}}],"line":37},"6":{"loc":{"start":{"line":51,"column":8},"end":{"line":52,"column":61}},"type":"if","locations":[{"start":{"line":51,"column":8},"end":{"line":52,"column":61}},{"start":{"line":51,"column":8},"end":{"line":52,"column":61}}],"line":51},"7":{"loc":{"start":{"line":62,"column":8},"end":{"line":64,"column":9}},"type":"if","locations":[{"start":{"line":62,"column":8},"end":{"line":64,"column":9}},{"start":{"line":62,"column":8},"end":{"line":64,"column":9}}],"line":62}},"s":{"0":22,"1":19,"2":19,"3":19,"4":19,"5":2,"6":17,"7":4,"8":13,"9":1,"10":12,"11":12,"12":3,"13":9,"14":9,"15":2,"16":7,"17":1,"18":6,"19":6,"20":3,"21":3,"22":3,"23":4,"24":1,"25":4,"26":4,"27":3,"28":4,"29":4,"30":4},"f":{"0":22,"1":12,"2":6,"3":4,"4":3},"b":{"0":[2,17],"1":[4,13],"2":[1,12],"3":[3,9],"4":[2,7],"5":[1,6],"6":[3,3],"7":[1,3]},"_coverageSchema":"332fd63041d2c1bcb487cc26dd0d5f7d97098a6c","hash":"6ce1f735aa02eda152225e199b7045a498d7f6c3"}
,"/Users/alacret/workspace/react-flux-dash/src/v2/Store.js": {"path":"/Users/alacret/workspace/react-flux-dash/src/v2/Store.js","statementMap":{"0":{"start":{"line":7,"column":8},"end":{"line":7,"column":34}},"1":{"start":{"line":17,"column":34},"end":{"line":17,"column":57}},"2":{"start":{"line":20,"column":8},"end":{"line":24,"column":11}},"3":{"start":{"line":21,"column":12},"end":{"line":23,"column":13}},"4":{"start":{"line":22,"column":16},"end":{"line":22,"column":107}},"5":{"start":{"line":26,"column":8},"end":{"line":29,"column":37}},"6":{"start":{"line":27,"column":12},"end":{"line":27,"column":51}},"7":{"start":{"line":29,"column":12},"end":{"line":29,"column":37}},"8":{"start":{"line":30,"column":8},"end":{"line":30,"column":28}},"9":{"start":{"line":31,"column":8},"end":{"line":31,"column":26}},"10":{"start":{"line":43,"column":35},"end":{"line":43,"column":58}},"11":{"start":{"line":45,"column":8},"end":{"line":46,"column":61}},"12":{"start":{"line":46,"column":12},"end":{"line":46,"column":61}},"13":{"start":{"line":48,"column":8},"end":{"line":54,"column":9}},"14":{"start":{"line":49,"column":26},"end":{"line":49,"column":40}},"15":{"start":{"line":50,"column":12},"end":{"line":53,"column":13}},"16":{"start":{"line":51,"column":37},"end":{"line":51,"column":64}},"17":{"start":{"line":52,"column":16},"end":{"line":52,"column":36}},"18":{"start":{"line":55,"column":8},"end":{"line":55,"column":82}},"19":{"start":{"line":63,"column":8},"end":{"line":64,"column":51}},"20":{"start":{"line":64,"column":12},"end":{"line":64,"column":51}},"21":{"start":{"line":66,"column":20},"end":{"line":66,"column":22}},"22":{"start":{"line":67,"column":8},"end":{"line":71,"column":11}},"23":{"start":{"line":68,"column":31},"end":{"line":68,"column":42}},"24":{"start":{"line":69,"column":30},"end":{"line":69,"column":40}},"25":{"start":{"line":70,"column":12},"end":{"line":70,"column":67}},"26":{"start":{"line":72,"column":8},"end":{"line":72,"column":21}},"27":{"start":{"line":80,"column":8},"end":{"line":82,"column":44}},"28":{"start":{"line":81,"column":12},"end":{"line":82,"column":44}},"29":{"start":{"line":82,"column":16},"end":{"line":82,"column":44}},"30":{"start":{"line":83,"column":8},"end":{"line":83,"column":73}}},"fnMap":{"0":{"name":"(anonymous_0)","decl":{"start":{"line":6,"column":4},"end":{"line":6,"column":5}},"loc":{"start":{"line":6,"column":18},"end":{"line":8,"column":5}},"line":6},"1":{"name":"(anonymous_1)","decl":{"start":{"line":16,"column":4},"end":{"line":16,"column":5}},"loc":{"start":{"line":16,"column":41},"end":{"line":32,"column":5}},"line":16},"2":{"name":"(anonymous_2)","decl":{"start":{"line":20,"column":28},"end":{"line":20,"column":29}},"loc":{"start":{"line":20,"column":37},"end":{"line":24,"column":9}},"line":20},"3":{"name":"(anonymous_3)","decl":{"start":{"line":42,"column":4},"end":{"line":42,"column":5}},"loc":{"start":{"line":42,"column":37},"end":{"line":56,"column":5}},"line":42},"4":{"name":"(anonymous_4)","decl":{"start":{"line":62,"column":4},"end":{"line":62,"column":5}},"loc":{"start":{"line":62,"column":24},"end":{"line":73,"column":5}},"line":62},"5":{"name":"(anonymous_5)","decl":{"start":{"line":67,"column":28},"end":{"line":67,"column":29}},"loc":{"start":{"line":67,"column":37},"end":{"line":71,"column":9}},"line":67},"6":{"name":"(anonymous_6)","decl":{"start":{"line":79,"column":4},"end":{"line":79,"column":5}},"loc":{"start":{"line":79,"column":31},"end":{"line":84,"column":5}},"line":79}},"branchMap":{"0":{"loc":{"start":{"line":21,"column":12},"end":{"line":23,"column":13}},"type":"if","locations":[{"start":{"line":21,"column":12},"end":{"line":23,"column":13}},{"start":{"line":21,"column":12},"end":{"line":23,"column":13}}],"line":21},"1":{"loc":{"start":{"line":26,"column":8},"end":{"line":29,"column":37}},"type":"if","locations":[{"start":{"line":26,"column":8},"end":{"line":29,"column":37}},{"start":{"line":26,"column":8},"end":{"line":29,"column":37}}],"line":26},"2":{"loc":{"start":{"line":45,"column":8},"end":{"line":46,"column":61}},"type":"if","locations":[{"start":{"line":45,"column":8},"end":{"line":46,"column":61}},{"start":{"line":45,"column":8},"end":{"line":46,"column":61}}],"line":45},"3":{"loc":{"start":{"line":50,"column":12},"end":{"line":53,"column":13}},"type":"if","locations":[{"start":{"line":50,"column":12},"end":{"line":53,"column":13}},{"start":{"line":50,"column":12},"end":{"line":53,"column":13}}],"line":50},"4":{"loc":{"start":{"line":63,"column":8},"end":{"line":64,"column":51}},"type":"if","locations":[{"start":{"line":63,"column":8},"end":{"line":64,"column":51}},{"start":{"line":63,"column":8},"end":{"line":64,"column":51}}],"line":63},"5":{"loc":{"start":{"line":63,"column":14},"end":{"line":63,"column":59}},"type":"binary-expr","locations":[{"start":{"line":63,"column":14},"end":{"line":63,"column":37}},{"start":{"line":63,"column":41},"end":{"line":63,"column":59}}],"line":63},"6":{"loc":{"start":{"line":81,"column":12},"end":{"line":82,"column":44}},"type":"if","locations":[{"start":{"line":81,"column":12},"end":{"line":82,"column":44}},{"start":{"line":81,"column":12},"end":{"line":82,"column":44}}],"line":81}},"s":{"0":1,"1":3,"2":3,"3":2,"4":1,"5":2,"6":1,"7":1,"8":2,"9":2,"10":5,"11":5,"12":3,"13":2,"14":3,"15":3,"16":1,"17":1,"18":1,"19":2,"20":1,"21":1,"22":1,"23":2,"24":2,"25":2,"26":1,"27":1,"28":1,"29":1,"30":0},"f":{"0":1,"1":3,"2":2,"3":5,"4":2,"5":2,"6":1},"b":{"0":[1,1],"1":[1,1],"2":[3,2],"3":[1,2],"4":[1,1],"5":[2,1],"6":[1,0]},"_coverageSchema":"332fd63041d2c1bcb487cc26dd0d5f7d97098a6c","hash":"0bfa3db086992e180b1194bff685e527bb7e5b5a"}
,"/Users/alacret/workspace/react-flux-dash/src/v2/Util.js": {"path":"/Users/alacret/workspace/react-flux-dash/src/v2/Util.js","statementMap":{"0":{"start":{"line":9,"column":4},"end":{"line":10,"column":51}},"1":{"start":{"line":10,"column":8},"end":{"line":10,"column":51}},"2":{"start":{"line":11,"column":4},"end":{"line":12,"column":46}},"3":{"start":{"line":12,"column":8},"end":{"line":12,"column":46}},"4":{"start":{"line":13,"column":4},"end":{"line":14,"column":57}},"5":{"start":{"line":14,"column":8},"end":{"line":14,"column":57}},"6":{"start":{"line":16,"column":4},"end":{"line":16,"column":16}}},"fnMap":{"0":{"name":"validateText","decl":{"start":{"line":8,"column":9},"end":{"line":8,"column":21}},"loc":{"start":{"line":8,"column":28},"end":{"line":17,"column":1}},"line":8}},"branchMap":{"0":{"loc":{"start":{"line":9,"column":4},"end":{"line":10,"column":51}},"type":"if","locations":[{"start":{"line":9,"column":4},"end":{"line":10,"column":51}},{"start":{"line":9,"column":4},"end":{"line":10,"column":51}}],"line":9},"1":{"loc":{"start":{"line":11,"column":4},"end":{"line":12,"column":46}},"type":"if","locations":[{"start":{"line":11,"column":4},"end":{"line":12,"column":46}},{"start":{"line":11,"column":4},"end":{"line":12,"column":46}}],"line":11},"2":{"loc":{"start":{"line":13,"column":4},"end":{"line":14,"column":57}},"type":"if","locations":[{"start":{"line":13,"column":4},"end":{"line":14,"column":57}},{"start":{"line":13,"column":4},"end":{"line":14,"column":57}}],"line":13}},"s":{"0":35,"1":2,"2":33,"3":2,"4":31,"5":2,"6":29},"f":{"0":35},"b":{"0":[2,33],"1":[2,31],"2":[2,29]},"_coverageSchema":"332fd63041d2c1bcb487cc26dd0d5f7d97098a6c","hash":"abe26c4ed8cd8bd9a4c7b69ffb350b41cec68706"}
,"/Users/alacret/workspace/react-flux-dash/src/v2/index.js": {"path":"/Users/alacret/workspace/react-flux-dash/src/v2/index.js","statementMap":{"0":{"start":{"line":4,"column":19},"end":{"line":4,"column":35}},"1":{"start":{"line":6,"column":23},"end":{"line":17,"column":1}},"2":{"start":{"line":7,"column":35},"end":{"line":7,"column":40}},"3":{"start":{"line":8,"column":4},"end":{"line":13,"column":7}},"4":{"start":{"line":9,"column":8},"end":{"line":12,"column":9}},"5":{"start":{"line":10,"column":12},"end":{"line":10,"column":36}},"6":{"start":{"line":11,"column":12},"end":{"line":11,"column":44}},"7":{"start":{"line":15,"column":4},"end":{"line":16,"column":71}},"8":{"start":{"line":16,"column":8},"end":{"line":16,"column":71}},"9":{"start":{"line":19,"column":0},"end":{"line":19,"column":36}},"10":{"start":{"line":26,"column":22},"end":{"line":29,"column":1}},"11":{"start":{"line":27,"column":30},"end":{"line":27,"column":53}},"12":{"start":{"line":28,"column":4},"end":{"line":28,"column":48}},"13":{"start":{"line":31,"column":18},"end":{"line":31,"column":29}}},"fnMap":{"0":{"name":"(anonymous_0)","decl":{"start":{"line":6,"column":23},"end":{"line":6,"column":24}},"loc":{"start":{"line":6,"column":51},"end":{"line":17,"column":1}},"line":6},"1":{"name":"(anonymous_1)","decl":{"start":{"line":8,"column":22},"end":{"line":8,"column":23}},"loc":{"start":{"line":8,"column":31},"end":{"line":13,"column":5}},"line":8},"2":{"name":"(anonymous_2)","decl":{"start":{"line":26,"column":22},"end":{"line":26,"column":23}},"loc":{"start":{"line":26,"column":48},"end":{"line":29,"column":1}},"line":26}},"branchMap":{"0":{"loc":{"start":{"line":9,"column":8},"end":{"line":12,"column":9}},"type":"if","locations":[{"start":{"line":9,"column":8},"end":{"line":12,"column":9}},{"start":{"line":9,"column":8},"end":{"line":12,"column":9}}],"line":9},"1":{"loc":{"start":{"line":15,"column":4},"end":{"line":16,"column":71}},"type":"if","locations":[{"start":{"line":15,"column":4},"end":{"line":16,"column":71}},{"start":{"line":15,"column":4},"end":{"line":16,"column":71}}],"line":15}},"s":{"0":1,"1":1,"2":2,"3":2,"4":4,"5":1,"6":1,"7":2,"8":1,"9":1,"10":1,"11":5,"12":2,"13":1},"f":{"0":2,"1":4,"2":5},"b":{"0":[1,3],"1":[1,1]},"_coverageSchema":"332fd63041d2c1bcb487cc26dd0d5f7d97098a6c","hash":"7267ffe4609b83da0549ee2268f1df7ace439f85"}
}
