TN:
SF:/Users/alacret/workspace/react-flux-dash/src/v2/Event.js
FN:13,(anonymous_0)
FN:29,(anonymous_1)
FN:51,(anonymous_2)
FN:63,(anonymous_3)
FN:70,(anonymous_4)
FNF:5
FNH:5
FNDA:22,(anonymous_0)
FNDA:12,(anonymous_1)
FNDA:8,(anonymous_2)
FNDA:6,(anonymous_3)
FNDA:5,(anonymous_4)
DA:14,22
DA:15,22
DA:16,19
DA:17,19
DA:18,19
DA:20,19
DA:21,2
DA:23,17
DA:24,4
DA:26,13
DA:27,1
DA:29,12
DA:30,12
DA:31,3
DA:33,9
DA:35,9
DA:36,2
DA:38,7
DA:39,1
DA:42,6
DA:52,8
DA:53,8
DA:54,3
DA:55,5
DA:56,5
DA:64,6
DA:65,6
DA:66,1
DA:69,6
DA:70,6
DA:71,5
DA:73,6
DA:74,6
LF:33
LH:33
BRDA:20,0,0,2
BRDA:20,0,1,17
BRDA:23,1,0,4
BRDA:23,1,1,13
BRDA:26,2,0,1
BRDA:26,2,1,12
BRDA:30,3,0,3
BRDA:30,3,1,9
BRDA:35,4,0,2
BRDA:35,4,1,7
BRDA:38,5,0,1
BRDA:38,5,1,6
BRDA:53,6,0,3
BRDA:53,6,1,5
BRDA:65,7,0,1
BRDA:65,7,1,5
BRF:16
BRH:16
end_of_record
TN:
SF:/Users/alacret/workspace/react-flux-dash/src/v2/Store.js
FN:6,(anonymous_0)
FN:17,(anonymous_1)
FN:22,(anonymous_2)
FN:45,(anonymous_3)
FN:68,(anonymous_4)
FN:74,(anonymous_5)
FN:86,(anonymous_6)
FN:97,(anonymous_7)
FN:99,(anonymous_8)
FNF:9
FNH:9
FNDA:1,(anonymous_0)
FNDA:3,(anonymous_1)
FNDA:2,(anonymous_2)
FNDA:7,(anonymous_3)
FNDA:4,(anonymous_4)
FNDA:2,(anonymous_5)
FNDA:3,(anonymous_6)
FNDA:1,(anonymous_7)
FNDA:2,(anonymous_8)
DA:7,1
DA:8,1
DA:18,3
DA:19,3
DA:22,3
DA:23,2
DA:24,1
DA:28,2
DA:29,1
DA:31,1
DA:32,2
DA:33,2
DA:46,7
DA:47,7
DA:49,7
DA:50,3
DA:52,4
DA:53,5
DA:54,5
DA:55,3
DA:56,3
DA:57,1
DA:58,3
DA:61,1
DA:69,4
DA:70,4
DA:71,3
DA:73,1
DA:74,1
DA:75,2
DA:76,2
DA:77,2
DA:79,1
DA:87,3
DA:88,3
DA:89,4
DA:90,2
DA:91,1
DA:98,1
DA:99,2
LF:40
LH:40
BRDA:23,0,0,1
BRDA:23,0,1,1
BRDA:28,1,0,1
BRDA:28,1,1,1
BRDA:45,2,0,5
BRDA:49,3,0,3
BRDA:49,3,1,4
BRDA:54,4,0,3
BRDA:54,4,1,2
BRDA:56,5,0,1
BRDA:56,5,1,2
BRDA:70,6,0,3
BRDA:70,6,1,1
BRDA:70,7,0,4
BRDA:70,7,1,3
BRDA:89,8,0,2
BRDA:89,8,1,2
BRF:17
BRH:17
end_of_record
TN:
SF:/Users/alacret/workspace/react-flux-dash/src/v2/Util.js
FN:8,validateText
FN:21,(anonymous_1)
FNF:2
FNH:2
FNDA:39,validateText
FNDA:69,(anonymous_1)
DA:9,39
DA:10,2
DA:11,37
DA:12,2
DA:13,35
DA:14,2
DA:16,33
DA:22,69
DA:23,69
DA:24,0
DA:25,0
DA:27,0
LF:12
LH:9
BRDA:9,0,0,2
BRDA:9,0,1,37
BRDA:11,1,0,2
BRDA:11,1,1,35
BRDA:13,2,0,2
BRDA:13,2,1,33
BRDA:22,3,0,69
BRDA:22,3,1,0
BRDA:24,4,0,0
BRDA:24,4,1,0
BRF:10
BRH:7
end_of_record
TN:
SF:/Users/alacret/workspace/react-flux-dash/src/v2/index.js
FN:6,(anonymous_0)
FN:9,(anonymous_1)
FN:27,(anonymous_2)
FNF:3
FNH:3
FNDA:4,(anonymous_0)
FNDA:8,(anonymous_1)
FNDA:7,(anonymous_2)
DA:4,1
DA:6,1
DA:7,4
DA:8,4
DA:9,4
DA:10,8
DA:11,3
DA:12,3
DA:16,4
DA:17,1
DA:20,1
DA:27,1
DA:28,7
DA:29,7
DA:30,4
DA:33,1
LF:16
LH:16
BRDA:10,0,0,3
BRDA:10,0,1,5
BRDA:16,1,0,1
BRDA:16,1,1,3
BRF:4
BRH:4
end_of_record
