TN:
SF:/Users/alacret/workspace/react-flux-dash/src/v2/Event.js
FN:13,(anonymous_0)
FN:28,(anonymous_1)
FN:50,(anonymous_2)
FN:61,(anonymous_3)
FN:67,(anonymous_4)
FNF:5
FNH:5
FNDA:22,(anonymous_0)
FNDA:12,(anonymous_1)
FNDA:6,(anonymous_2)
FNDA:4,(anonymous_3)
FNDA:3,(anonymous_4)
DA:14,22
DA:15,19
DA:16,19
DA:17,19
DA:19,19
DA:20,2
DA:22,17
DA:23,4
DA:25,13
DA:26,1
DA:28,12
DA:29,12
DA:30,3
DA:32,9
DA:34,9
DA:35,2
DA:37,7
DA:38,1
DA:41,6
DA:51,6
DA:52,3
DA:53,3
DA:54,3
DA:62,4
DA:63,1
DA:66,4
DA:67,4
DA:68,3
DA:70,4
DA:71,4
DA:72,4
LF:31
LH:31
BRDA:19,0,0,2
BRDA:19,0,1,17
BRDA:22,1,0,4
BRDA:22,1,1,13
BRDA:25,2,0,1
BRDA:25,2,1,12
BRDA:29,3,0,3
BRDA:29,3,1,9
BRDA:34,4,0,2
BRDA:34,4,1,7
BRDA:37,5,0,1
BRDA:37,5,1,6
BRDA:51,6,0,3
BRDA:51,6,1,3
BRDA:62,7,0,1
BRDA:62,7,1,3
BRF:16
BRH:16
end_of_record
TN:
SF:/Users/alacret/workspace/react-flux-dash/src/v2/Store.js
FN:6,(anonymous_0)
FN:16,(anonymous_1)
FN:20,(anonymous_2)
FN:42,(anonymous_3)
FN:62,(anonymous_4)
FN:67,(anonymous_5)
FN:79,(anonymous_6)
FNF:7
FNH:7
FNDA:1,(anonymous_0)
FNDA:3,(anonymous_1)
FNDA:2,(anonymous_2)
FNDA:5,(anonymous_3)
FNDA:2,(anonymous_4)
FNDA:2,(anonymous_5)
FNDA:1,(anonymous_6)
DA:7,1
DA:17,3
DA:20,3
DA:21,2
DA:22,1
DA:26,2
DA:27,1
DA:29,1
DA:30,2
DA:31,2
DA:43,5
DA:45,5
DA:46,3
DA:48,2
DA:49,3
DA:50,3
DA:51,1
DA:52,1
DA:55,1
DA:63,2
DA:64,1
DA:66,1
DA:67,1
DA:68,2
DA:69,2
DA:70,2
DA:72,1
DA:80,1
DA:81,1
DA:82,1
DA:83,0
LF:31
LH:30
BRDA:21,0,0,1
BRDA:21,0,1,1
BRDA:26,1,0,1
BRDA:26,1,1,1
BRDA:45,2,0,3
BRDA:45,2,1,2
BRDA:50,3,0,1
BRDA:50,3,1,2
BRDA:63,4,0,1
BRDA:63,4,1,1
BRDA:63,5,0,2
BRDA:63,5,1,1
BRDA:81,6,0,1
BRDA:81,6,1,0
BRF:14
BRH:13
end_of_record
TN:
SF:/Users/alacret/workspace/react-flux-dash/src/v2/Util.js
FN:8,validateText
FNF:1
FNH:1
FNDA:35,validateText
DA:9,35
DA:10,2
DA:11,33
DA:12,2
DA:13,31
DA:14,2
DA:16,29
LF:7
LH:7
BRDA:9,0,0,2
BRDA:9,0,1,33
BRDA:11,1,0,2
BRDA:11,1,1,31
BRDA:13,2,0,2
BRDA:13,2,1,29
BRF:6
BRH:6
end_of_record
TN:
SF:/Users/alacret/workspace/react-flux-dash/src/v2/index.js
FN:6,(anonymous_0)
FN:8,(anonymous_1)
FN:26,(anonymous_2)
FNF:3
FNH:3
FNDA:2,(anonymous_0)
FNDA:4,(anonymous_1)
FNDA:5,(anonymous_2)
DA:4,1
DA:6,1
DA:7,2
DA:8,2
DA:9,4
DA:10,1
DA:11,1
DA:15,2
DA:16,1
DA:19,1
DA:26,1
DA:27,5
DA:28,2
DA:31,1
LF:14
LH:14
BRDA:9,0,0,1
BRDA:9,0,1,3
BRDA:15,1,0,1
BRDA:15,1,1,1
BRF:4
BRH:4
end_of_record
